execve("./a.out", ["./a.out"], 0x7ffc117571e0 /* 62 vars */) = 0
brk(NULL)                               = 0x555d624e6000
arch_prctl(0x3001 /* ARCH_??? */, 0x7fff2e42a480) = -1 EINVAL (Invalid argument)
mmap(NULL, 8192, PROT_READ|PROT_WRITE, MAP_PRIVATE|MAP_ANONYMOUS, -1, 0) = 0x7ff29b92a000
access("/etc/ld.so.preload", R_OK)      = -1 ENOENT (No such file or directory)
openat(AT_FDCWD, "/usr/local/cuda-11.8/lib64/glibc-hwcaps/x86-64-v3/libc.so.6", O_RDONLY|O_CLOEXEC) = -1 ENOENT (No such file or directory)
newfstatat(AT_FDCWD, "/usr/local/cuda-11.8/lib64/glibc-hwcaps/x86-64-v3", 0x7fff2e4296a0, 0) = -1 ENOENT (No such file or directory)
openat(AT_FDCWD, "/usr/local/cuda-11.8/lib64/glibc-hwcaps/x86-64-v2/libc.so.6", O_RDONLY|O_CLOEXEC) = -1 ENOENT (No such file or directory)
newfstatat(AT_FDCWD, "/usr/local/cuda-11.8/lib64/glibc-hwcaps/x86-64-v2", 0x7fff2e4296a0, 0) = -1 ENOENT (No such file or directory)
openat(AT_FDCWD, "/usr/local/cuda-11.8/lib64/tls/x86_64/x86_64/libc.so.6", O_RDONLY|O_CLOEXEC) = -1 ENOENT (No such file or directory)
newfstatat(AT_FDCWD, "/usr/local/cuda-11.8/lib64/tls/x86_64/x86_64", 0x7fff2e4296a0, 0) = -1 ENOENT (No such file or directory)
openat(AT_FDCWD, "/usr/local/cuda-11.8/lib64/tls/x86_64/libc.so.6", O_RDONLY|O_CLOEXEC) = -1 ENOENT (No such file or directory)
newfstatat(AT_FDCWD, "/usr/local/cuda-11.8/lib64/tls/x86_64", 0x7fff2e4296a0, 0) = -1 ENOENT (No such file or directory)
openat(AT_FDCWD, "/usr/local/cuda-11.8/lib64/tls/x86_64/libc.so.6", O_RDONLY|O_CLOEXEC) = -1 ENOENT (No such file or directory)
newfstatat(AT_FDCWD, "/usr/local/cuda-11.8/lib64/tls/x86_64", 0x7fff2e4296a0, 0) = -1 ENOENT (No such file or directory)
openat(AT_FDCWD, "/usr/local/cuda-11.8/lib64/tls/libc.so.6", O_RDONLY|O_CLOEXEC) = -1 ENOENT (No such file or directory)
newfstatat(AT_FDCWD, "/usr/local/cuda-11.8/lib64/tls", 0x7fff2e4296a0, 0) = -1 ENOENT (No such file or directory)
openat(AT_FDCWD, "/usr/local/cuda-11.8/lib64/x86_64/x86_64/libc.so.6", O_RDONLY|O_CLOEXEC) = -1 ENOENT (No such file or directory)
newfstatat(AT_FDCWD, "/usr/local/cuda-11.8/lib64/x86_64/x86_64", 0x7fff2e4296a0, 0) = -1 ENOENT (No such file or directory)
openat(AT_FDCWD, "/usr/local/cuda-11.8/lib64/x86_64/libc.so.6", O_RDONLY|O_CLOEXEC) = -1 ENOENT (No such file or directory)
newfstatat(AT_FDCWD, "/usr/local/cuda-11.8/lib64/x86_64", 0x7fff2e4296a0, 0) = -1 ENOENT (No such file or directory)
openat(AT_FDCWD, "/usr/local/cuda-11.8/lib64/x86_64/libc.so.6", O_RDONLY|O_CLOEXEC) = -1 ENOENT (No such file or directory)
newfstatat(AT_FDCWD, "/usr/local/cuda-11.8/lib64/x86_64", 0x7fff2e4296a0, 0) = -1 ENOENT (No such file or directory)
openat(AT_FDCWD, "/usr/local/cuda-11.8/lib64/libc.so.6", O_RDONLY|O_CLOEXEC) = -1 ENOENT (No such file or directory)
newfstatat(AT_FDCWD, "/usr/local/cuda-11.8/lib64", {st_mode=S_IFDIR|0755, st_size=4096, ...}, 0) = 0
openat(AT_FDCWD, "/etc/ld.so.cache", O_RDONLY|O_CLOEXEC) = 3
newfstatat(3, "", {st_mode=S_IFREG|0644, st_size=99007, ...}, AT_EMPTY_PATH) = 0
mmap(NULL, 99007, PROT_READ, MAP_PRIVATE, 3, 0) = 0x7ff29b911000
close(3)                                = 0
openat(AT_FDCWD, "/lib/x86_64-linux-gnu/libc.so.6", O_RDONLY|O_CLOEXEC) = 3
read(3, "\177ELF\2\1\1\3\0\0\0\0\0\0\0\0\3\0>\0\1\0\0\0P\237\2\0\0\0\0\0"..., 832) = 832
pread64(3, "\6\0\0\0\4\0\0\0@\0\0\0\0\0\0\0@\0\0\0\0\0\0\0@\0\0\0\0\0\0\0"..., 784, 64) = 784
pread64(3, "\4\0\0\0 \0\0\0\5\0\0\0GNU\0\2\0\0\300\4\0\0\0\3\0\0\0\0\0\0\0"..., 48, 848) = 48
pread64(3, "\4\0\0\0\24\0\0\0\3\0\0\0GNU\0i8\235HZ\227\223\333\350s\360\352,\223\340."..., 68, 896) = 68
newfstatat(3, "", {st_mode=S_IFREG|0644, st_size=2216304, ...}, AT_EMPTY_PATH) = 0
pread64(3, "\6\0\0\0\4\0\0\0@\0\0\0\0\0\0\0@\0\0\0\0\0\0\0@\0\0\0\0\0\0\0"..., 784, 64) = 784
mmap(NULL, 2260560, PROT_READ, MAP_PRIVATE|MAP_DENYWRITE, 3, 0) = 0x7ff29b600000
mmap(0x7ff29b628000, 1658880, PROT_READ|PROT_EXEC, MAP_PRIVATE|MAP_FIXED|MAP_DENYWRITE, 3, 0x28000) = 0x7ff29b628000
mmap(0x7ff29b7bd000, 360448, PROT_READ, MAP_PRIVATE|MAP_FIXED|MAP_DENYWRITE, 3, 0x1bd000) = 0x7ff29b7bd000
mmap(0x7ff29b815000, 24576, PROT_READ|PROT_WRITE, MAP_PRIVATE|MAP_FIXED|MAP_DENYWRITE, 3, 0x214000) = 0x7ff29b815000
mmap(0x7ff29b81b000, 52816, PROT_READ|PROT_WRITE, MAP_PRIVATE|MAP_FIXED|MAP_ANONYMOUS, -1, 0) = 0x7ff29b81b000
close(3)                                = 0
mmap(NULL, 12288, PROT_READ|PROT_WRITE, MAP_PRIVATE|MAP_ANONYMOUS, -1, 0) = 0x7ff29b90e000
arch_prctl(ARCH_SET_FS, 0x7ff29b90e740) = 0
set_tid_address(0x7ff29b90ea10)         = 39629
set_robust_list(0x7ff29b90ea20, 24)     = 0
rseq(0x7ff29b90f0e0, 0x20, 0, 0x53053053) = 0
mprotect(0x7ff29b815000, 16384, PROT_READ) = 0
mprotect(0x555d61d05000, 4096, PROT_READ) = 0
mprotect(0x7ff29b964000, 8192, PROT_READ) = 0
prlimit64(0, RLIMIT_STACK, NULL, {rlim_cur=8192*1024, rlim_max=RLIM64_INFINITY}) = 0
munmap(0x7ff29b911000, 99007)           = 0
newfstatat(1, "", {st_mode=S_IFCHR|0620, st_rdev=makedev(0x88, 0x3), ...}, AT_EMPTY_PATH) = 0
getrandom("\xb6\x21\x1b\x4a\x05\xed\x53\xc8", 8, GRND_NONBLOCK) = 8
brk(NULL)                               = 0x555d624e6000
brk(0x555d62507000)                     = 0x555d62507000
write(1, "Test Case 1: PASSED\n", 20)   = 20
write(1, "Test Case 2: PASSED\n", 20)   = 20
write(1, "Test Case 3: PASSED\n", 20)   = 20
exit_group(0)                           = ?
+++ exited with 0 +++
